  stdafx.cpp
  AssemblyInfo.cpp
  Compiler.cpp
c:\users\personal\documents\idv17c\cuatri 6\compiladores\compiler\compiler\compiler.cpp(36): warning C4267: 'initializing': conversion from 'size_t' to 'int', possible loss of data
c:\users\personal\documents\idv17c\cuatri 6\compiladores\compiler\compiler\compiler.cpp(51): warning C4267: 'initializing': conversion from 'size_t' to 'int', possible loss of data
  CStateManager.cpp
c:\users\personal\documents\idv17c\cuatri 6\compiladores\compiler\compiler\cstatemanager.cpp(99): warning C4267: 'initializing': conversion from 'size_t' to 'int', possible loss of data
  ErrorModule.cpp
  LexAnalyzer.cpp
c:\users\personal\documents\idv17c\cuatri 6\compiladores\compiler\compiler\lexanalyzer.cpp(22): warning C4267: 'initializing': conversion from 'size_t' to 'int', possible loss of data
c:\users\personal\documents\idv17c\cuatri 6\compiladores\compiler\compiler\lexanalyzer.cpp(421): warning C4305: 'argument': truncation from 'int' to 'const _Elem'
          with
          [
              _Elem=char
          ]
c:\users\personal\documents\idv17c\cuatri 6\compiladores\compiler\compiler\lexanalyzer.cpp(421): warning C4309: 'argument': truncation of constant value
  Token.cpp
  Generating Code...
  .NETFramework,Version=v4.6.1.AssemblyAttributes.cpp
  Compiler.vcxproj -> C:\Users\personal\Documents\IDV17c\Cuatri 6\Compiladores\CompilerUI\x64\Exe\Release\Compilerx64.dll
