c:\users\personal\documents\github\compilador\compilerui\x64\intermediate\release\compilerx64.pch
c:\users\personal\documents\github\compilador\compilerui\x64\intermediate\release\vc141.pdb
c:\users\personal\documents\github\compilador\compilerui\x64\intermediate\release\stdafx.obj
c:\users\personal\documents\github\compilador\compilerui\x64\intermediate\release\token.obj
c:\users\personal\documents\github\compilador\compilerui\x64\intermediate\release\tabsymbol.obj
c:\users\personal\documents\github\compilador\compilerui\x64\intermediate\release\syntaxstate_var.obj
c:\users\personal\documents\github\compilador\compilerui\x64\intermediate\release\syntaxstate_program.obj
c:\users\personal\documents\github\compilador\compilerui\x64\intermediate\release\syntaxstate.obj
c:\users\personal\documents\github\compilador\compilerui\x64\intermediate\release\syntaxanalysis.obj
c:\users\personal\documents\github\compilador\compilerui\x64\intermediate\release\semanticanalysis.obj
c:\users\personal\documents\github\compilador\compilerui\x64\intermediate\release\nodolocal.obj
c:\users\personal\documents\github\compilador\compilerui\x64\intermediate\release\nodoglobal.obj
c:\users\personal\documents\github\compilador\compilerui\x64\intermediate\release\lexanalyzer.obj
c:\users\personal\documents\github\compilador\compilerui\x64\intermediate\release\errormodule.obj
c:\users\personal\documents\github\compilador\compilerui\x64\intermediate\release\cstatemanager.obj
c:\users\personal\documents\github\compilador\compilerui\x64\intermediate\release\compiler.obj
c:\users\personal\documents\github\compilador\compilerui\x64\intermediate\release\assemblyinfo.obj
c:\users\personal\documents\github\compilador\compilerui\x64\intermediate\release\.netframework,version=v4.6.1.assemblyattributes.obj
c:\users\personal\documents\github\compilador\compilerui\x64\intermediate\release\.netframework,version=v4.6.1.assemblyattributes.asm
c:\users\personal\documents\github\compilador\compilerui\x64\exe\release\compilerx64.dll
c:\users\personal\documents\github\compilador\compilerui\x64\exe\release\compilerx64.pdb
c:\users\personal\documents\github\compilador\compilerui\x64\intermediate\release\app.res
c:\users\personal\documents\github\compilador\compilerui\x64\intermediate\release\compiler.tlog\cl.command.1.tlog
c:\users\personal\documents\github\compilador\compilerui\x64\intermediate\release\compiler.tlog\cl.read.1.tlog
c:\users\personal\documents\github\compilador\compilerui\x64\intermediate\release\compiler.tlog\cl.write.1.tlog
c:\users\personal\documents\github\compilador\compilerui\x64\intermediate\release\compiler.tlog\link.command.1.tlog
c:\users\personal\documents\github\compilador\compilerui\x64\intermediate\release\compiler.tlog\link.read.1.tlog
c:\users\personal\documents\github\compilador\compilerui\x64\intermediate\release\compiler.tlog\link.write.1.tlog
c:\users\personal\documents\github\compilador\compilerui\x64\intermediate\release\compiler.tlog\metagen.read.1.tlog
c:\users\personal\documents\github\compilador\compilerui\x64\intermediate\release\compiler.tlog\metagen.write.1.tlog
c:\users\personal\documents\github\compilador\compilerui\x64\intermediate\release\compiler.tlog\rc.command.1.tlog
c:\users\personal\documents\github\compilador\compilerui\x64\intermediate\release\compiler.tlog\rc.read.1.tlog
c:\users\personal\documents\github\compilador\compilerui\x64\intermediate\release\compiler.tlog\rc.write.1.tlog
